<?xml version="1.0" encoding="UTF-8"?>
<!-- Generated by org.testng.reporters.JUnitXMLReporter -->
<testsuite ignored="1" hostname="DESKTOP-IN31LR7" failures="0" tests="2" name="Test" time="10.877" errors="0" timestamp="2025-03-05T19:16:16 IST">
  <testcase classname="testNGExecution2.LaunchFacebook" name="launchFacebookTC" time="5.371"/>
  <testcase classname="testNGExecution2.LaunchTwitter" name="launchTwitterTC" time="5.448"/>
  <testcase classname="testNGExecution2.LaunchKawasaki" name="launchKawasakiTC" time="0.0">
    <ignored/>
  </testcase> <!-- launchKawasakiTC -->
</testsuite> <!-- Test -->
