<?xml version="1.0" encoding="UTF-8"?>
<!-- Generated by org.testng.reporters.JUnitXMLReporter -->
<testsuite ignored="0" hostname="DESKTOP-IN31LR7" failures="0" tests="3" name="Test1" time="18.879" errors="0" timestamp="2025-03-05T19:12:56 IST">
  <testcase classname="testNGExecution.LaunchFacebook" name="launchFacebookTC" time="6.538"/>
  <testcase classname="testNGExecution.LaunchTwitter" name="launchTwitterTC" time="5.818"/>
  <testcase classname="testNGExecution.LaunchInstagram" name="launchInstagramTc" time="6.454"/>
</testsuite> <!-- Test1 -->
