<?xml version="1.0" encoding="UTF-8"?>
<testng-results ignored="0" total="4" passed="4" failed="0" skipped="0">
  <reporter-output>
  </reporter-output>
  <suite started-at="2025-03-15T11:41:10 IST" name="Suite" finished-at="2025-03-15T11:41:56 IST" duration-ms="45674">
    <groups>
    </groups>
    <test started-at="2025-03-15T11:41:10 IST" name="Test" finished-at="2025-03-15T11:41:56 IST" duration-ms="45674">
      <class name="testPackage.TC_Audi_007_Test">
        <test-method signature="launchMyAudi()[pri:0, instance:testPackage.TC_Audi_007_Test@3c41ed1d]" started-at="2025-03-15T11:41:10 IST" name="launchMyAudi" finished-at="2025-03-15T11:41:28 IST" duration-ms="17607" status="PASS">
          <reporter-output>
          </reporter-output>
        </test-method> <!-- launchMyAudi -->
      </class> <!-- testPackage.TC_Audi_007_Test -->
      <class name="testPackage.TC_tata_005_Test">
        <test-method signature="launchTata()[pri:0, instance:testPackage.TC_tata_005_Test@327514f]" started-at="2025-03-15T11:41:28 IST" name="launchTata" finished-at="2025-03-15T11:41:38 IST" duration-ms="10151" status="PASS">
          <reporter-output>
          </reporter-output>
        </test-method> <!-- launchTata -->
      </class> <!-- testPackage.TC_tata_005_Test -->
      <class name="testPackage.TC_RoyaleEnfield_004_Test">
        <test-method signature="launchRoyaleEnfield()[pri:0, instance:testPackage.TC_RoyaleEnfield_004_Test@5b12b668]" started-at="2025-03-15T11:41:38 IST" name="launchRoyaleEnfield" finished-at="2025-03-15T11:41:44 IST" duration-ms="5537" status="PASS">
          <reporter-output>
          </reporter-output>
        </test-method> <!-- launchRoyaleEnfield -->
      </class> <!-- testPackage.TC_RoyaleEnfield_004_Test -->
      <class name="testPackage.TC_BMW_006_Test">
        <test-method signature="launchBMW()[pri:0, instance:testPackage.TC_BMW_006_Test@1165b38]" started-at="2025-03-15T11:41:44 IST" name="launchBMW" finished-at="2025-03-15T11:41:56 IST" duration-ms="12314" status="PASS">
          <reporter-output>
          </reporter-output>
        </test-method> <!-- launchBMW -->
      </class> <!-- testPackage.TC_BMW_006_Test -->
    </test> <!-- Test -->
  </suite> <!-- Suite -->
</testng-results>
