<?xml version="1.0" encoding="UTF-8"?>
<!-- Generated by org.testng.reporters.JUnitXMLReporter -->
<testsuite ignored="0" hostname="DESKTOP-IN31LR7" failures="0" tests="4" name="Test" time="45.674" errors="0" timestamp="2025-03-15T11:41:56 IST">
  <testcase classname="testPackage.TC_Audi_007_Test" name="launchMyAudi" time="17.607"/>
  <testcase classname="testPackage.TC_tata_005_Test" name="launchTata" time="10.151"/>
  <testcase classname="testPackage.TC_RoyaleEnfield_004_Test" name="launchRoyaleEnfield" time="5.537"/>
  <testcase classname="testPackage.TC_BMW_006_Test" name="launchBMW" time="12.314"/>
</testsuite> <!-- Test -->
